Using pre-set license
Built from '2020.3/staging' branch; Version is '2020.3.35f1 (18e4db7a9996) revision 1631451'; Using compiler version '192528614'; Build Type 'Release'
OS: 'Windows 11  (10.0.22000) 64bit Core' Language: 'ko' Physical Memory: 7971 MB
BatchMode: 1, IsHumanControllingUs: 0, StartBugReporterOnCrash: 0, Is64bit: 1, IsPro: 0

COMMAND LINE ARGUMENTS:
C:\Program Files\Unity\Hub\Editor\2020.3.35f1\Editor\Unity.exe
-adb2
-batchMode
-noUpm
-name
AssetImportWorker0
-projectPath
C:/Program Files/GitHub/MetaverseProject/MyNewPlace
-logFile
Logs/AssetImportWorker0.log
-srvPort
63929
Successfully changed project path to: C:/Program Files/GitHub/MetaverseProject/MyNewPlace
C:/Program Files/GitHub/MetaverseProject/MyNewPlace
Using Asset Import Pipeline V2.
Refreshing native plugins compatible for Editor in 93.15 ms, found 2 plugins.
Preloading 0 native plugins for Editor in 0.00 ms.
Initialize engine version: 2020.3.35f1 (18e4db7a9996)
[Subsystems] Discovering subsystems at path C:/Program Files/Unity/Hub/Editor/2020.3.35f1/Editor/Data/Resources/UnitySubsystems
[Subsystems] Discovering subsystems at path C:/Program Files/GitHub/MetaverseProject/MyNewPlace/Assets
GfxDevice: creating device client; threaded=0
Direct3D:
    Version:  Direct3D 11.0 [level 11.1]
    Renderer: Intel(R) UHD Graphics (ID=0x9b41)
    Vendor:   
    VRAM:     3985 MB
    Driver:   26.20.100.7463
Initialize mono
Mono path[0] = 'C:/Program Files/Unity/Hub/Editor/2020.3.35f1/Editor/Data/Managed'
Mono path[1] = 'C:/Program Files/Unity/Hub/Editor/2020.3.35f1/Editor/Data/MonoBleedingEdge/lib/mono/unityjit'
Mono config path = 'C:/Program Files/Unity/Hub/Editor/2020.3.35f1/Editor/Data/MonoBleedingEdge/etc'
Using monoOptions --debugger-agent=transport=dt_socket,embedding=1,server=y,suspend=n,address=127.0.0.1:56588
Begin MonoManager ReloadAssembly
Registering precompiled unity dll's ...
Register platform support module: C:/Program Files/Unity/Hub/Editor/2020.3.35f1/Editor/Data/PlaybackEngines/WindowsStandaloneSupport/UnityEditor.WindowsStandalone.Extensions.dll
Registered in 0.004471 seconds.
Native extension for WindowsStandalone target not found
Refreshing native plugins compatible for Editor in 93.21 ms, found 2 plugins.
Preloading 0 native plugins for Editor in 0.00 ms.
Mono: successfully reloaded assembly
- Completed reload, in  1.707 seconds
Domain Reload Profiling:
	ReloadAssembly (1707ms)
		BeginReloadAssembly (171ms)
			ExecutionOrderSort (0ms)
			DisableScriptedObjects (0ms)
			BackupInstance (0ms)
			ReleaseScriptingObjects (0ms)
			CreateAndSetChildDomain (2ms)
		EndReloadAssembly (1360ms)
			LoadAssemblies (166ms)
			RebuildTransferFunctionScriptingTraits (1ms)
			SetupTypeCache (525ms)
			ReleaseScriptCaches (0ms)
			RebuildScriptCaches (91ms)
			SetupLoadedEditorAssemblies (423ms)
				LogAssemblyErrors (0ms)
				InitializePlatformSupportModulesInManaged (26ms)
				SetLoadedEditorAssemblies (1ms)
				RefreshPlugins (93ms)
				BeforeProcessingInitializeOnLoad (17ms)
				ProcessInitializeOnLoadAttributes (186ms)
				ProcessInitializeOnLoadMethodAttributes (99ms)
				AfterProcessingInitializeOnLoad (0ms)
				EditorAssembliesLoaded (0ms)
			ExecutionOrderSort2 (0ms)
			AwakeInstancesAfterBackupRestoration (0ms)
Platform modules already initialized, skipping
Registering precompiled user dll's ...
Registered in 0.043575 seconds.
Begin MonoManager ReloadAssembly
Native extension for WindowsStandalone target not found
Refreshing native plugins compatible for Editor in 0.68 ms, found 2 plugins.
Preloading 0 native plugins for Editor in 0.00 ms.
Mono: successfully reloaded assembly
- Completed reload, in  3.109 seconds
Domain Reload Profiling:
	ReloadAssembly (3111ms)
		BeginReloadAssembly (437ms)
			ExecutionOrderSort (0ms)
			DisableScriptedObjects (14ms)
			BackupInstance (0ms)
			ReleaseScriptingObjects (0ms)
			CreateAndSetChildDomain (43ms)
		EndReloadAssembly (2546ms)
			LoadAssemblies (335ms)
			RebuildTransferFunctionScriptingTraits (0ms)
			SetupTypeCache (1183ms)
			ReleaseScriptCaches (2ms)
			RebuildScriptCaches (101ms)
			SetupLoadedEditorAssemblies (688ms)
				LogAssemblyErrors (0ms)
				InitializePlatformSupportModulesInManaged (9ms)
				SetLoadedEditorAssemblies (2ms)
				RefreshPlugins (1ms)
				BeforeProcessingInitializeOnLoad (119ms)
				ProcessInitializeOnLoadAttributes (519ms)
				ProcessInitializeOnLoadMethodAttributes (30ms)
				AfterProcessingInitializeOnLoad (8ms)
				EditorAssembliesLoaded (0ms)
			ExecutionOrderSort2 (0ms)
			AwakeInstancesAfterBackupRestoration (3ms)
Platform modules already initialized, skipping
========================================================================
Worker process is ready to serve import requests
Launched and connected shader compiler UnityShaderCompiler.exe after 0.11 seconds
Refreshing native plugins compatible for Editor in 0.63 ms, found 2 plugins.
Preloading 0 native plugins for Editor in 0.00 ms.
Unloading 1528 Unused Serialized files (Serialized files now loaded: 0)
System memory in use before: 70.7 MB.
System memory in use after: 70.7 MB.

Unloading 20 unused Assets to reduce memory usage. Loaded Objects now: 1960.
Total: 6.679200 ms (FindLiveObjects: 0.201800 ms CreateObjectMapping: 0.085600 ms MarkObjects: 6.105800 ms  DeleteObjects: 0.283600 ms)

AssetImportParameters requested are different than current active one (requested -> active):
  custom:framework-win-MediaFoundation: 216162199b28c13a410421893ffa2e32 -> 
  custom:video-decoder-ogg-theora: a1e56fd34408186e4bbccfd4996cb3dc -> 
  custom:container-muxer-webm: aa71ff27fc2769a1b78a27578f13a17b -> 
  custom:container-demuxer-webm: 4f35f7cbe854078d1ac9338744f61a02 -> 
  custom:container-demuxer-ogg: 62fdf1f143b41e24485cea50d1cbac27 -> 
  custom:video-encoder-webm-vp8: eb34c28f22e8b96e1ab97ce403110664 -> 
  custom:video-codec-MediaFoundation-h265: e54d7ab0439102e2317fc1e4b246158d -> 
  custom:video-decoder-webm-vp8: 9c59270c3fd7afecdb556c50c9e8de78 -> 
  custom:audio-decoder-ogg-vorbis: bf7c407c2cedff20999df2af8eb42d56 -> 
  custom:audio-encoder-webm-vorbis: bf7c407c2cedff20999df2af8eb42d56 -> 
========================================================================
Received Import Request.
  path: Assets/Scenes
  artifactKey: Guid(9dca81c96b8423347a29719f9b9f0fe1) Importer(815301076,1909f56bfc062723c751e8b465ee728b)
Start importing Assets/Scenes using Guid(9dca81c96b8423347a29719f9b9f0fe1) Importer(815301076,1909f56bfc062723c751e8b465ee728b)  -> (artifact id: 'e16ae9805fd20ec89db6c7d1dce72a5f') in 0.081540 seconds 
========================================================================
Received Import Request.
  Time since last request: 228.518348 seconds.
  path: ProjectSettings/TagManager.asset
  artifactKey: Guid(00000000000000003000000000000000) Importer(815301076,1909f56bfc062723c751e8b465ee728b)
Start importing ProjectSettings/TagManager.asset using Guid(00000000000000003000000000000000) Importer(815301076,1909f56bfc062723c751e8b465ee728b)  -> (artifact id: 'ce6a35c3cddc746e7501c0bd0ed6d4ce') in 0.128255 seconds 
========================================================================
Received Import Request.
  Time since last request: 134.710669 seconds.
  path: Assets/Import/USA_Diner_in_3_Times_(new,_old,_destructed)/materials/Material.001_9.mat
  artifactKey: Guid(2514748950e582f43bd39ee7643e06d9) Importer(815301076,1909f56bfc062723c751e8b465ee728b)
Start importing Assets/Import/USA_Diner_in_3_Times_(new,_old,_destructed)/materials/Material.001_9.mat using Guid(2514748950e582f43bd39ee7643e06d9) Importer(815301076,1909f56bfc062723c751e8b465ee728b)  -> (artifact id: '17fa41cffd8e50eca716322637c62964') in 0.291637 seconds 
========================================================================
Received Import Request.
  Time since last request: 0.000795 seconds.
  path: Assets/Import/USA_Diner_in_3_Times_(new,_old,_destructed)/materials/Road_line_old_49.mat
  artifactKey: Guid(5663c2906af00b247822df72c31f72b7) Importer(815301076,1909f56bfc062723c751e8b465ee728b)
Start importing Assets/Import/USA_Diner_in_3_Times_(new,_old,_destructed)/materials/Road_line_old_49.mat using Guid(5663c2906af00b247822df72c31f72b7) Importer(815301076,1909f56bfc062723c751e8b465ee728b)  -> (artifact id: 'dec9a7d729230d2ea4ae1ac6fc20d5e1') in 0.106538 seconds 
========================================================================
Received Import Request.
  Time since last request: 0.000742 seconds.
  path: Assets/Import/USA_Diner_in_3_Times_(new,_old,_destructed)/materials/Material.002_8.mat
  artifactKey: Guid(78f27e747e990784297d092107ec8397) Importer(815301076,1909f56bfc062723c751e8b465ee728b)
Start importing Assets/Import/USA_Diner_in_3_Times_(new,_old,_destructed)/materials/Material.002_8.mat using Guid(78f27e747e990784297d092107ec8397) Importer(815301076,1909f56bfc062723c751e8b465ee728b)  -> (artifact id: 'da51452d715c9e1e888e6222f96edb68') in 0.120369 seconds 
========================================================================
Received Import Request.
  Time since last request: 0.002432 seconds.
  path: Assets/Import/USA_Diner_in_3_Times_(new,_old,_destructed)/materials/Material.007_40.mat
  artifactKey: Guid(6625a792e166e7745ac8a8fbbf61dd7b) Importer(815301076,1909f56bfc062723c751e8b465ee728b)
Start importing Assets/Import/USA_Diner_in_3_Times_(new,_old,_destructed)/materials/Material.007_40.mat using Guid(6625a792e166e7745ac8a8fbbf61dd7b) Importer(815301076,1909f56bfc062723c751e8b465ee728b)  -> (artifact id: '18243d58f592c1ff281dc2e54a6354c6') in 0.118889 seconds 
========================================================================
Received Import Request.
  Time since last request: 0.000330 seconds.
  path: Assets/Import/USA_Diner_in_3_Times_(new,_old,_destructed)/materials/Red_old.001_37.mat
  artifactKey: Guid(40712511568dacd4c8ece263dd699dac) Importer(815301076,1909f56bfc062723c751e8b465ee728b)
Start importing Assets/Import/USA_Diner_in_3_Times_(new,_old,_destructed)/materials/Red_old.001_37.mat using Guid(40712511568dacd4c8ece263dd699dac) Importer(815301076,1909f56bfc062723c751e8b465ee728b)  -> (artifact id: '2d48045920c96eff616d970e9f6282b6') in 0.118582 seconds 
========================================================================
Received Import Request.
  Time since last request: 0.000565 seconds.
  path: Assets/Import/USA_Diner_in_3_Times_(new,_old,_destructed)/materials/Music_box_wood.002_80.mat
  artifactKey: Guid(c0a7d46eab658c94f8f61346a5453d02) Importer(815301076,1909f56bfc062723c751e8b465ee728b)
Start importing Assets/Import/USA_Diner_in_3_Times_(new,_old,_destructed)/materials/Music_box_wood.002_80.mat using Guid(c0a7d46eab658c94f8f61346a5453d02) Importer(815301076,1909f56bfc062723c751e8b465ee728b)  -> (artifact id: 'c6a2093ddc6226811de03c185368d8d1') in 0.128814 seconds 
========================================================================
Received Import Request.
  Time since last request: 0.000657 seconds.
  path: Assets/Import/USA_Diner_in_3_Times_(new,_old,_destructed)/materials/Material.009_2.mat
  artifactKey: Guid(dc5d7f480d134ae48aced4018176a7d4) Importer(815301076,1909f56bfc062723c751e8b465ee728b)
Start importing Assets/Import/USA_Diner_in_3_Times_(new,_old,_destructed)/materials/Material.009_2.mat using Guid(dc5d7f480d134ae48aced4018176a7d4) Importer(815301076,1909f56bfc062723c751e8b465ee728b)  -> (artifact id: '86f97f3920fa76663a07dd85a9090b20') in 0.127124 seconds 
========================================================================
Received Import Request.
  Time since last request: 0.000401 seconds.
  path: Assets/Import/USA_Diner_in_3_Times_(new,_old,_destructed)/materials/Material.008_35.mat
  artifactKey: Guid(c036a362b59efe84c80fdb0154406f7e) Importer(815301076,1909f56bfc062723c751e8b465ee728b)
Start importing Assets/Import/USA_Diner_in_3_Times_(new,_old,_destructed)/materials/Material.008_35.mat using Guid(c036a362b59efe84c80fdb0154406f7e) Importer(815301076,1909f56bfc062723c751e8b465ee728b)  -> (artifact id: 'e2f56fc47d138f897020f29658c67771') in 0.112756 seconds 
========================================================================
Received Import Request.
  Time since last request: 0.000562 seconds.
  path: Assets/Import/USA_Diner_in_3_Times_(new,_old,_destructed)/materials/Trash_bin.001_39.mat
  artifactKey: Guid(1757c99299c9c064a8275f69ed0c74b7) Importer(815301076,1909f56bfc062723c751e8b465ee728b)
Start importing Assets/Import/USA_Diner_in_3_Times_(new,_old,_destructed)/materials/Trash_bin.001_39.mat using Guid(1757c99299c9c064a8275f69ed0c74b7) Importer(815301076,1909f56bfc062723c751e8b465ee728b)  -> (artifact id: 'd0780d3b2b852df9986812e36bfcfc85') in 0.124632 seconds 
========================================================================
Received Import Request.
  Time since last request: 0.000444 seconds.
  path: Assets/Import/USA_Diner_in_3_Times_(new,_old,_destructed)/materials/Material.010_12.mat
  artifactKey: Guid(16949ca282c69024baa20cef51f597ae) Importer(815301076,1909f56bfc062723c751e8b465ee728b)
Start importing Assets/Import/USA_Diner_in_3_Times_(new,_old,_destructed)/materials/Material.010_12.mat using Guid(16949ca282c69024baa20cef51f597ae) Importer(815301076,1909f56bfc062723c751e8b465ee728b)  -> (artifact id: '27cf3e62b9c92cd3eba96cd20603c33b') in 0.130373 seconds 
========================================================================
Received Import Request.
  Time since last request: 0.000787 seconds.
  path: Assets/Import/USA_Diner_in_3_Times_(new,_old,_destructed)/materials/Material.012_27.mat
  artifactKey: Guid(3d408ae05c06f684bbda7f2fd59af1b5) Importer(815301076,1909f56bfc062723c751e8b465ee728b)
Start importing Assets/Import/USA_Diner_in_3_Times_(new,_old,_destructed)/materials/Material.012_27.mat using Guid(3d408ae05c06f684bbda7f2fd59af1b5) Importer(815301076,1909f56bfc062723c751e8b465ee728b)  -> (artifact id: '28431675af5fd72762138564f29ab26e') in 0.098129 seconds 
========================================================================
Received Import Request.
  Time since last request: 0.000376 seconds.
  path: Assets/Import/USA_Diner_in_3_Times_(new,_old,_destructed)/materials/White_asphalt.002_64.mat
  artifactKey: Guid(c5abd4fe54c8a5848b8b8c7d8bba7064) Importer(815301076,1909f56bfc062723c751e8b465ee728b)
Start importing Assets/Import/USA_Diner_in_3_Times_(new,_old,_destructed)/materials/White_asphalt.002_64.mat using Guid(c5abd4fe54c8a5848b8b8c7d8bba7064) Importer(815301076,1909f56bfc062723c751e8b465ee728b)  -> (artifact id: '5c7d67344faa1bb0423dc06fc0cd3aa5') in 0.140343 seconds 
========================================================================
Received Import Request.
  Time since last request: 0.000597 seconds.
  path: Assets/Import/USA_Diner_in_3_Times_(new,_old,_destructed)/materials/white_pillow.001_50.mat
  artifactKey: Guid(5417177bdbc1dfa4381078ed6aff1eef) Importer(815301076,1909f56bfc062723c751e8b465ee728b)
Start importing Assets/Import/USA_Diner_in_3_Times_(new,_old,_destructed)/materials/white_pillow.001_50.mat using Guid(5417177bdbc1dfa4381078ed6aff1eef) Importer(815301076,1909f56bfc062723c751e8b465ee728b)  -> (artifact id: 'c68f4f8e41f2afa8bd9ccfc1e73d246f') in 0.101506 seconds 
========================================================================
Received Import Request.
  Time since last request: 0.000313 seconds.
  path: Assets/Import/USA_Diner_in_3_Times_(new,_old,_destructed)/materials/Wreked_asphalt.001_65.mat
  artifactKey: Guid(61bfb7827b3445540a342c3aeda1e3cc) Importer(815301076,1909f56bfc062723c751e8b465ee728b)
Start importing Assets/Import/USA_Diner_in_3_Times_(new,_old,_destructed)/materials/Wreked_asphalt.001_65.mat using Guid(61bfb7827b3445540a342c3aeda1e3cc) Importer(815301076,1909f56bfc062723c751e8b465ee728b)  -> (artifact id: '8d1a431d6600e45f9a54a2fccb50418c') in 0.125789 seconds 
========================================================================
Received Import Request.
  Time since last request: 0.001540 seconds.
  path: Assets/Import/USA_Diner_in_3_Times_(new,_old,_destructed)/materials/Trash_59.mat
  artifactKey: Guid(3b3d6410970a91f4dbb41d04d63c1158) Importer(815301076,1909f56bfc062723c751e8b465ee728b)
Start importing Assets/Import/USA_Diner_in_3_Times_(new,_old,_destructed)/materials/Trash_59.mat using Guid(3b3d6410970a91f4dbb41d04d63c1158) Importer(815301076,1909f56bfc062723c751e8b465ee728b)  -> (artifact id: 'f69738f36e81de6313c7db0df73821fe') in 0.121747 seconds 
========================================================================
Received Import Request.
  Time since last request: 0.002284 seconds.
  path: Assets/Import/USA_Diner_in_3_Times_(new,_old,_destructed)/materials/Red_old.000_73.mat
  artifactKey: Guid(3accfff115e50014c9120efcc520b199) Importer(815301076,1909f56bfc062723c751e8b465ee728b)
Start importing Assets/Import/USA_Diner_in_3_Times_(new,_old,_destructed)/materials/Red_old.000_73.mat using Guid(3accfff115e50014c9120efcc520b199) Importer(815301076,1909f56bfc062723c751e8b465ee728b)  -> (artifact id: '89bcea327e8f758682bcc6731f37d133') in 0.093782 seconds 
========================================================================
Received Import Request.
  Time since last request: 0.000375 seconds.
  path: Assets/Import/USA_Diner_in_3_Times_(new,_old,_destructed)/materials/white_plastic.001_31.mat
  artifactKey: Guid(c28e072137ae88b449d6c17ed81a3b00) Importer(815301076,1909f56bfc062723c751e8b465ee728b)
Start importing Assets/Import/USA_Diner_in_3_Times_(new,_old,_destructed)/materials/white_plastic.001_31.mat using Guid(c28e072137ae88b449d6c17ed81a3b00) Importer(815301076,1909f56bfc062723c751e8b465ee728b)  -> (artifact id: '5bf7b793a3cd3110dd9504a18d7be929') in 0.121271 seconds 
========================================================================
Received Import Request.
  Time since last request: 0.000561 seconds.
  path: Assets/Import/USA_Diner_in_3_Times_(new,_old,_destructed)/materials/Road_line.002_82.mat
  artifactKey: Guid(3eb0e0dabb5eadc468113b7b4886c74f) Importer(815301076,1909f56bfc062723c751e8b465ee728b)
Start importing Assets/Import/USA_Diner_in_3_Times_(new,_old,_destructed)/materials/Road_line.002_82.mat using Guid(3eb0e0dabb5eadc468113b7b4886c74f) Importer(815301076,1909f56bfc062723c751e8b465ee728b)  -> (artifact id: 'ca3872ca09435ac43805d07758a3f529') in 0.134043 seconds 
========================================================================
Received Import Request.
  Time since last request: 0.000621 seconds.
  path: Assets/Import/USA_Diner_in_3_Times_(new,_old,_destructed)/materials/Material.018_62.mat
  artifactKey: Guid(e09b81006184cda45919c8849d4ebc9b) Importer(815301076,1909f56bfc062723c751e8b465ee728b)
Start importing Assets/Import/USA_Diner_in_3_Times_(new,_old,_destructed)/materials/Material.018_62.mat using Guid(e09b81006184cda45919c8849d4ebc9b) Importer(815301076,1909f56bfc062723c751e8b465ee728b)  -> (artifact id: '15ce091c30a58b050719b33f4a4440b7') in 0.128760 seconds 
========================================================================
Received Import Request.
  Time since last request: 0.000522 seconds.
  path: Assets/Import/USA_Diner_in_3_Times_(new,_old,_destructed)/materials/Paper_60.mat
  artifactKey: Guid(203a546d69981864194d22af8faa6b79) Importer(815301076,1909f56bfc062723c751e8b465ee728b)
Start importing Assets/Import/USA_Diner_in_3_Times_(new,_old,_destructed)/materials/Paper_60.mat using Guid(203a546d69981864194d22af8faa6b79) Importer(815301076,1909f56bfc062723c751e8b465ee728b)  -> (artifact id: '38706d45a8afb9b5bc4a55e5de2e0de0') in 0.117059 seconds 
========================================================================
Received Import Request.
  Time since last request: 0.000900 seconds.
  path: Assets/Import/USA_Diner_in_3_Times_(new,_old,_destructed)/materials/Rusyy_white_metal_34.mat
  artifactKey: Guid(88d24f3ab8e268441a514602735d3e0d) Importer(815301076,1909f56bfc062723c751e8b465ee728b)
Start importing Assets/Import/USA_Diner_in_3_Times_(new,_old,_destructed)/materials/Rusyy_white_metal_34.mat using Guid(88d24f3ab8e268441a514602735d3e0d) Importer(815301076,1909f56bfc062723c751e8b465ee728b)  -> (artifact id: '076143b68b3241fde1c185a1d20ba204') in 0.121951 seconds 
========================================================================
Received Import Request.
  Time since last request: 0.000381 seconds.
  path: Assets/Import/USA_Diner_in_3_Times_(new,_old,_destructed)/materials/Road_line_old.001_83.mat
  artifactKey: Guid(6c1c866e75d0a1b4b9901ebbcde76027) Importer(815301076,1909f56bfc062723c751e8b465ee728b)
Start importing Assets/Import/USA_Diner_in_3_Times_(new,_old,_destructed)/materials/Road_line_old.001_83.mat using Guid(6c1c866e75d0a1b4b9901ebbcde76027) Importer(815301076,1909f56bfc062723c751e8b465ee728b)  -> (artifact id: 'b505e24d90a7098d08401fae73dc38b1') in 0.108886 seconds 
========================================================================
Received Import Request.
  Time since last request: 0.000466 seconds.
  path: Assets/Import/USA_Diner_in_3_Times_(new,_old,_destructed)/materials/Music_box_emission_16.mat
  artifactKey: Guid(b92066150756cb44ebc3e08ba59c66bf) Importer(815301076,1909f56bfc062723c751e8b465ee728b)
Start importing Assets/Import/USA_Diner_in_3_Times_(new,_old,_destructed)/materials/Music_box_emission_16.mat using Guid(b92066150756cb44ebc3e08ba59c66bf) Importer(815301076,1909f56bfc062723c751e8b465ee728b)  -> (artifact id: '18307b1d123ff95985cbe839e9a111cd') in 0.123151 seconds 
========================================================================
Received Import Request.
  Time since last request: 0.000568 seconds.
  path: Assets/Import/USA_Diner_in_3_Times_(new,_old,_destructed)/materials/out_of_order.001_86.mat
  artifactKey: Guid(92282fccbba8b96468ec11045a64a682) Importer(815301076,1909f56bfc062723c751e8b465ee728b)
Start importing Assets/Import/USA_Diner_in_3_Times_(new,_old,_destructed)/materials/out_of_order.001_86.mat using Guid(92282fccbba8b96468ec11045a64a682) Importer(815301076,1909f56bfc062723c751e8b465ee728b)  -> (artifact id: '8ef9b3896e1986bfdeea84b41a728bcf') in 0.113655 seconds 
========================================================================
Received Import Request.
  Time since last request: 0.000395 seconds.
  path: Assets/Import/USA_Diner_in_3_Times_(new,_old,_destructed)/materials/out_of_order_51.mat
  artifactKey: Guid(ef41ae0a8945cba4299160ddcb1098b8) Importer(815301076,1909f56bfc062723c751e8b465ee728b)
Start importing Assets/Import/USA_Diner_in_3_Times_(new,_old,_destructed)/materials/out_of_order_51.mat using Guid(ef41ae0a8945cba4299160ddcb1098b8) Importer(815301076,1909f56bfc062723c751e8b465ee728b)  -> (artifact id: '2d128c24bc5f012a8d01cee25aaa0af5') in 0.114860 seconds 
========================================================================
Received Import Request.
  Time since last request: 0.000553 seconds.
  path: Assets/Import/USA_Diner_in_3_Times_(new,_old,_destructed)/materials/white_pillow_20.mat
  artifactKey: Guid(f13d98343b35a3746949bb8d56e26055) Importer(815301076,1909f56bfc062723c751e8b465ee728b)
Start importing Assets/Import/USA_Diner_in_3_Times_(new,_old,_destructed)/materials/white_pillow_20.mat using Guid(f13d98343b35a3746949bb8d56e26055) Importer(815301076,1909f56bfc062723c751e8b465ee728b)  -> (artifact id: '08e080b8412ad5b4309704cf0e6e13e0') in 0.121339 seconds 
========================================================================
Received Import Request.
  Time since last request: 0.001931 seconds.
  path: Assets/Import/USA_Diner_in_3_Times_(new,_old,_destructed)/materials/wood_white_42.mat
  artifactKey: Guid(6c1771a5a22b4ff45aff6033db6b957b) Importer(815301076,1909f56bfc062723c751e8b465ee728b)
Start importing Assets/Import/USA_Diner_in_3_Times_(new,_old,_destructed)/materials/wood_white_42.mat using Guid(6c1771a5a22b4ff45aff6033db6b957b) Importer(815301076,1909f56bfc062723c751e8b465ee728b)  -> (artifact id: 'fa38240ffd0277961088f0002b241cf0') in 0.100475 seconds 
========================================================================
Received Import Request.
  Time since last request: 0.000597 seconds.
  path: Assets/Import/USA_Diner_in_3_Times_(new,_old,_destructed)/materials/Material.017_63.mat
  artifactKey: Guid(7a7fc401de21a804ab4f81738473fc97) Importer(815301076,1909f56bfc062723c751e8b465ee728b)
Start importing Assets/Import/USA_Diner_in_3_Times_(new,_old,_destructed)/materials/Material.017_63.mat using Guid(7a7fc401de21a804ab4f81738473fc97) Importer(815301076,1909f56bfc062723c751e8b465ee728b)  -> (artifact id: '91c0081ae7938e5d3c95674578805eaf') in 0.099960 seconds 
========================================================================
Received Import Request.
  Time since last request: 0.000492 seconds.
  path: Assets/Import/USA_Diner_in_3_Times_(new,_old,_destructed)/materials/Music_box_wood.000_45.mat
  artifactKey: Guid(bbbe62e96b1a21843a371c15abb0fe77) Importer(815301076,1909f56bfc062723c751e8b465ee728b)
Start importing Assets/Import/USA_Diner_in_3_Times_(new,_old,_destructed)/materials/Music_box_wood.000_45.mat using Guid(bbbe62e96b1a21843a371c15abb0fe77) Importer(815301076,1909f56bfc062723c751e8b465ee728b)  -> (artifact id: '3f3b9643a24add90cf46c1352e363210') in 0.114542 seconds 
========================================================================
Received Import Request.
  Time since last request: 0.000464 seconds.
  path: Assets/New Material.mat
  artifactKey: Guid(f38e7c06a52e47d4899701f2a644f6d7) Importer(815301076,1909f56bfc062723c751e8b465ee728b)
Start importing Assets/New Material.mat using Guid(f38e7c06a52e47d4899701f2a644f6d7) Importer(815301076,1909f56bfc062723c751e8b465ee728b)  -> (artifact id: 'ecf753685e08c2c87602d33b0d0084e0') in 0.115924 seconds 
========================================================================
Received Import Request.
  Time since last request: 0.000392 seconds.
  path: Assets/Import/USA_Diner_in_3_Times_(new,_old,_destructed)/materials/Material.011_11.mat
  artifactKey: Guid(fbfcbee194a8fa64581a334ed4be2702) Importer(815301076,1909f56bfc062723c751e8b465ee728b)
Start importing Assets/Import/USA_Diner_in_3_Times_(new,_old,_destructed)/materials/Material.011_11.mat using Guid(fbfcbee194a8fa64581a334ed4be2702) Importer(815301076,1909f56bfc062723c751e8b465ee728b)  -> (artifact id: '390db3f5b18093fc8a6c7b073a76d3b8') in 0.114253 seconds 
========================================================================
Received Import Request.
  Time since last request: 0.000775 seconds.
  path: Assets/Import/USA_Diner_in_3_Times_(new,_old,_destructed)/materials/White_metal_7.mat
  artifactKey: Guid(7653964a7d77c6d4ba8c1ebb5a83f58c) Importer(815301076,1909f56bfc062723c751e8b465ee728b)
Start importing Assets/Import/USA_Diner_in_3_Times_(new,_old,_destructed)/materials/White_metal_7.mat using Guid(7653964a7d77c6d4ba8c1ebb5a83f58c) Importer(815301076,1909f56bfc062723c751e8b465ee728b)  -> (artifact id: '69bb4f24adf6a21c0297e6d846b01d3c') in 0.098967 seconds 
========================================================================
Received Import Request.
  Time since last request: 0.000959 seconds.
  path: Assets/Import/USA_Diner_in_3_Times_(new,_old,_destructed)/materials/White_asphalt.001_28.mat
  artifactKey: Guid(82143b8fc87dd3e428dd0f87702cb49b) Importer(815301076,1909f56bfc062723c751e8b465ee728b)
Start importing Assets/Import/USA_Diner_in_3_Times_(new,_old,_destructed)/materials/White_asphalt.001_28.mat using Guid(82143b8fc87dd3e428dd0f87702cb49b) Importer(815301076,1909f56bfc062723c751e8b465ee728b)  -> (artifact id: '69a16a6669e468dfed81cc94c0cb060b') in 0.085768 seconds 
========================================================================
Received Import Request.
  Time since last request: 0.000555 seconds.
  path: Assets/Import/USA_Diner_in_3_Times_(new,_old,_destructed)/materials/Trash_bin.002_75.mat
  artifactKey: Guid(df5a47eb7881cbd489b863d06b342ef6) Importer(815301076,1909f56bfc062723c751e8b465ee728b)
Start importing Assets/Import/USA_Diner_in_3_Times_(new,_old,_destructed)/materials/Trash_bin.002_75.mat using Guid(df5a47eb7881cbd489b863d06b342ef6) Importer(815301076,1909f56bfc062723c751e8b465ee728b)  -> (artifact id: 'aa2828890133b9c91ae0545c041294d8') in 0.105532 seconds 
========================================================================
Received Import Request.
  Time since last request: 0.000374 seconds.
  path: Assets/Import/USA_Diner_in_3_Times_(new,_old,_destructed)/materials/Paper.001_93.mat
  artifactKey: Guid(5deb74ee98cf178468f2c8cb7328afe4) Importer(815301076,1909f56bfc062723c751e8b465ee728b)
Start importing Assets/Import/USA_Diner_in_3_Times_(new,_old,_destructed)/materials/Paper.001_93.mat using Guid(5deb74ee98cf178468f2c8cb7328afe4) Importer(815301076,1909f56bfc062723c751e8b465ee728b)  -> (artifact id: '933123002700517ee86d9ca5dc2ea0e8') in 0.115095 seconds 
========================================================================
Received Import Request.
  Time since last request: 0.000552 seconds.
  path: Assets/Import/USA_Diner_in_3_Times_(new,_old,_destructed)/materials/Stiker.002_88.mat
  artifactKey: Guid(50489b7b378523f469c3ac2d6ba2bc9f) Importer(815301076,1909f56bfc062723c751e8b465ee728b)
Start importing Assets/Import/USA_Diner_in_3_Times_(new,_old,_destructed)/materials/Stiker.002_88.mat using Guid(50489b7b378523f469c3ac2d6ba2bc9f) Importer(815301076,1909f56bfc062723c751e8b465ee728b)  -> (artifact id: '6734650236b4a2387d00b5516a10daec') in 0.126715 seconds 
========================================================================
Received Import Request.
  Time since last request: 0.000394 seconds.
  path: Assets/Import/USA_Diner_in_3_Times_(new,_old,_destructed)/materials/Rusyy_white_metal.001_70.mat
  artifactKey: Guid(941054ee5fe951943baa63cbbf56777c) Importer(815301076,1909f56bfc062723c751e8b465ee728b)
Start importing Assets/Import/USA_Diner_in_3_Times_(new,_old,_destructed)/materials/Rusyy_white_metal.001_70.mat using Guid(941054ee5fe951943baa63cbbf56777c) Importer(815301076,1909f56bfc062723c751e8b465ee728b)  -> (artifact id: 'ab53d065f8ffe7fd50e136f9168eb012') in 0.118812 seconds 
========================================================================
Received Import Request.
  Time since last request: 0.000411 seconds.
  path: Assets/Import/USA_Diner_in_3_Times_(new,_old,_destructed)/materials/Stiker_21.mat
  artifactKey: Guid(83bac7702f569ad498a81281fc3d0ff1) Importer(815301076,1909f56bfc062723c751e8b465ee728b)
Start importing Assets/Import/USA_Diner_in_3_Times_(new,_old,_destructed)/materials/Stiker_21.mat using Guid(83bac7702f569ad498a81281fc3d0ff1) Importer(815301076,1909f56bfc062723c751e8b465ee728b)  -> (artifact id: '2663f051660f3787f55d8381791bd8c1') in 0.121198 seconds 
========================================================================
Received Import Request.
  Time since last request: 0.000408 seconds.
  path: Assets/Import/USA_Diner_in_3_Times_(new,_old,_destructed)/materials/Red_old_light.001_74.mat
  artifactKey: Guid(57dc2b5a1774a4e48886ae6c721337eb) Importer(815301076,1909f56bfc062723c751e8b465ee728b)
Start importing Assets/Import/USA_Diner_in_3_Times_(new,_old,_destructed)/materials/Red_old_light.001_74.mat using Guid(57dc2b5a1774a4e48886ae6c721337eb) Importer(815301076,1909f56bfc062723c751e8b465ee728b)  -> (artifact id: 'd18c928ca1394995697bac8f1be8bb5d') in 0.126033 seconds 
========================================================================
Received Import Request.
  Time since last request: 0.000811 seconds.
  path: Assets/Import/USA_Diner_in_3_Times_(new,_old,_destructed)/materials/White_metal.002_69.mat
  artifactKey: Guid(65162346b9d3a1b49832503f20f6e42c) Importer(815301076,1909f56bfc062723c751e8b465ee728b)
Start importing Assets/Import/USA_Diner_in_3_Times_(new,_old,_destructed)/materials/White_metal.002_69.mat using Guid(65162346b9d3a1b49832503f20f6e42c) Importer(815301076,1909f56bfc062723c751e8b465ee728b)  -> (artifact id: '7052fbe676a17fc84b119059f1aaad12') in 0.126060 seconds 
========================================================================
Received Import Request.
  Time since last request: 0.000465 seconds.
  path: Assets/Import/USA_Diner_in_3_Times_(new,_old,_destructed)/materials/Material.015_76.mat
  artifactKey: Guid(5d1cf719c7c6a884fb8a8efd731c7573) Importer(815301076,1909f56bfc062723c751e8b465ee728b)
Start importing Assets/Import/USA_Diner_in_3_Times_(new,_old,_destructed)/materials/Material.015_76.mat using Guid(5d1cf719c7c6a884fb8a8efd731c7573) Importer(815301076,1909f56bfc062723c751e8b465ee728b)  -> (artifact id: '4669b86481c9d8a9ec877e3127cd4193') in 0.084240 seconds 
========================================================================
Received Import Request.
  Time since last request: 0.000676 seconds.
  path: Assets/Import/USA_Diner_in_3_Times_(new,_old,_destructed)/materials/Trash.001_92.mat
  artifactKey: Guid(b8f6aee9a2fb1054e83e6f604700db8b) Importer(815301076,1909f56bfc062723c751e8b465ee728b)
Start importing Assets/Import/USA_Diner_in_3_Times_(new,_old,_destructed)/materials/Trash.001_92.mat using Guid(b8f6aee9a2fb1054e83e6f604700db8b) Importer(815301076,1909f56bfc062723c751e8b465ee728b)  -> (artifact id: 'cc7563d144b5af262916516cf628ede6') in 0.137048 seconds 
========================================================================
Received Import Request.
  Time since last request: 0.000345 seconds.
  path: Assets/Import/USA_Diner_in_3_Times_(new,_old,_destructed)/materials/wood_white.001_77.mat
  artifactKey: Guid(8114534fb3753cc459c1dd1f458fc3da) Importer(815301076,1909f56bfc062723c751e8b465ee728b)
Start importing Assets/Import/USA_Diner_in_3_Times_(new,_old,_destructed)/materials/wood_white.001_77.mat using Guid(8114534fb3753cc459c1dd1f458fc3da) Importer(815301076,1909f56bfc062723c751e8b465ee728b)  -> (artifact id: '9e225041233c7252b8a3c616363031db') in 0.117617 seconds 
========================================================================
Received Import Request.
  Time since last request: 0.000470 seconds.
  path: Assets/Import/USA_Diner_in_3_Times_(new,_old,_destructed)/materials/material_14.mat
  artifactKey: Guid(431c8387c7b68ef4e8b23b12f8fe81d9) Importer(815301076,1909f56bfc062723c751e8b465ee728b)
Start importing Assets/Import/USA_Diner_in_3_Times_(new,_old,_destructed)/materials/material_14.mat using Guid(431c8387c7b68ef4e8b23b12f8fe81d9) Importer(815301076,1909f56bfc062723c751e8b465ee728b)  -> (artifact id: 'a58350331988f025f6dac58db9150ce9') in 0.134416 seconds 
========================================================================
Received Import Request.
  Time since last request: 0.000355 seconds.
  path: Assets/Import/USA_Diner_in_3_Times_(new,_old,_destructed)/materials/Music_box_wood.001_15.mat
  artifactKey: Guid(03e4fec35623b364ca074d53c03e0656) Importer(815301076,1909f56bfc062723c751e8b465ee728b)
Start importing Assets/Import/USA_Diner_in_3_Times_(new,_old,_destructed)/materials/Music_box_wood.001_15.mat using Guid(03e4fec35623b364ca074d53c03e0656) Importer(815301076,1909f56bfc062723c751e8b465ee728b)  -> (artifact id: 'ed5cefbb476c8f163f3783f259b08085') in 0.114847 seconds 
========================================================================
Received Import Request.
  Time since last request: 0.000441 seconds.
  path: Assets/Import/USA_Diner_in_3_Times_(new,_old,_destructed)/materials/Wreked_asphalt_29.mat
  artifactKey: Guid(af82cbe69ee55ac4c8a71aaea1b37477) Importer(815301076,1909f56bfc062723c751e8b465ee728b)
Start importing Assets/Import/USA_Diner_in_3_Times_(new,_old,_destructed)/materials/Wreked_asphalt_29.mat using Guid(af82cbe69ee55ac4c8a71aaea1b37477) Importer(815301076,1909f56bfc062723c751e8b465ee728b)  -> (artifact id: 'bbf26ca56b868fcf57158c248cd885d3') in 0.132946 seconds 
========================================================================
Received Import Request.
  Time since last request: 0.000613 seconds.
  path: Assets/Import/USA_Diner_in_3_Times_(new,_old,_destructed)/materials/Stiker.001_53.mat
  artifactKey: Guid(83c2173037a6b194d91f2c5ea062fb35) Importer(815301076,1909f56bfc062723c751e8b465ee728b)
Start importing Assets/Import/USA_Diner_in_3_Times_(new,_old,_destructed)/materials/Stiker.001_53.mat using Guid(83c2173037a6b194d91f2c5ea062fb35) Importer(815301076,1909f56bfc062723c751e8b465ee728b)  -> (artifact id: 'b9aebaf50c9d0984a1ac1a842d7af83d') in 0.111565 seconds 
========================================================================
Received Import Request.
  Time since last request: 0.000482 seconds.
  path: Assets/Import/USA_Diner_in_3_Times_(new,_old,_destructed)/materials/Material.006_41.mat
  artifactKey: Guid(6f897e285a95a5d43a3c558db1eadbe9) Importer(815301076,1909f56bfc062723c751e8b465ee728b)
Start importing Assets/Import/USA_Diner_in_3_Times_(new,_old,_destructed)/materials/Material.006_41.mat using Guid(6f897e285a95a5d43a3c558db1eadbe9) Importer(815301076,1909f56bfc062723c751e8b465ee728b)  -> (artifact id: '9f80a1ed2daa41c4d6e8df4b02d1b204') in 0.118137 seconds 
========================================================================
Received Import Request.
  Time since last request: 0.000317 seconds.
  path: Assets/Import/USA_Diner_in_3_Times_(new,_old,_destructed)/materials/Material.014_78.mat
  artifactKey: Guid(06304d5acf0902a4d8b6ed78eedcda1e) Importer(815301076,1909f56bfc062723c751e8b465ee728b)
Start importing Assets/Import/USA_Diner_in_3_Times_(new,_old,_destructed)/materials/Material.014_78.mat using Guid(06304d5acf0902a4d8b6ed78eedcda1e) Importer(815301076,1909f56bfc062723c751e8b465ee728b)  -> (artifact id: '2ec6ae8d5f4f9634ea2511b43075303d') in 0.116827 seconds 
========================================================================
Received Import Request.
  Time since last request: 0.000332 seconds.
  path: Assets/Import/Pixel_Police_Car/materials/material_0.mat
  artifactKey: Guid(755b4eec3a2d45547ae516fb46610cf3) Importer(815301076,1909f56bfc062723c751e8b465ee728b)
Start importing Assets/Import/Pixel_Police_Car/materials/material_0.mat using Guid(755b4eec3a2d45547ae516fb46610cf3) Importer(815301076,1909f56bfc062723c751e8b465ee728b)  -> (artifact id: 'ec9f5d3d4c3aa8e830e6f7f189550ba6') in 0.118669 seconds 
========================================================================
Received Import Request.
  Time since last request: 0.000479 seconds.
  path: Assets/Import/USA_Diner_in_3_Times_(new,_old,_destructed)/materials/Red_old_light_38.mat
  artifactKey: Guid(c396a57740262784d850d5ae0185c457) Importer(815301076,1909f56bfc062723c751e8b465ee728b)
Start importing Assets/Import/USA_Diner_in_3_Times_(new,_old,_destructed)/materials/Red_old_light_38.mat using Guid(c396a57740262784d850d5ae0185c457) Importer(815301076,1909f56bfc062723c751e8b465ee728b)  -> (artifact id: '6498e2cbe094189a4af6345408102601') in 0.110313 seconds 
========================================================================
Received Import Request.
  Time since last request: 0.000969 seconds.
  path: Assets/Import/USA_Diner_in_3_Times_(new,_old,_destructed)/materials/Trash_bin_10.mat
  artifactKey: Guid(c4216bb34b332d4448641517ea50ea20) Importer(815301076,1909f56bfc062723c751e8b465ee728b)
Start importing Assets/Import/USA_Diner_in_3_Times_(new,_old,_destructed)/materials/Trash_bin_10.mat using Guid(c4216bb34b332d4448641517ea50ea20) Importer(815301076,1909f56bfc062723c751e8b465ee728b)  -> (artifact id: 'e10e30008858cfd094e86af098130639') in 0.120217 seconds 
========================================================================
Received Import Request.
  Time since last request: 0.000394 seconds.
  path: Assets/Import/USA_Diner_in_3_Times_(new,_old,_destructed)/materials/Material.003_13.mat
  artifactKey: Guid(f612be521c572e4418aaceb8e22382c0) Importer(815301076,1909f56bfc062723c751e8b465ee728b)
Start importing Assets/Import/USA_Diner_in_3_Times_(new,_old,_destructed)/materials/Material.003_13.mat using Guid(f612be521c572e4418aaceb8e22382c0) Importer(815301076,1909f56bfc062723c751e8b465ee728b)  -> (artifact id: 'b971146c1f01aad385b338d6c1a581f5') in 0.103665 seconds 
========================================================================
Received Import Request.
  Time since last request: 0.000428 seconds.
  path: Assets/Import/USA_Diner_in_3_Times_(new,_old,_destructed)/materials/Material.004_1.mat
  artifactKey: Guid(b8fd7e88bdb4b064586f009c8d261643) Importer(815301076,1909f56bfc062723c751e8b465ee728b)
Start importing Assets/Import/USA_Diner_in_3_Times_(new,_old,_destructed)/materials/Material.004_1.mat using Guid(b8fd7e88bdb4b064586f009c8d261643) Importer(815301076,1909f56bfc062723c751e8b465ee728b)  -> (artifact id: 'ea46a1aa9995cb85a4646cb570ac8346') in 0.091060 seconds 
========================================================================
Received Import Request.
  Time since last request: 0.000441 seconds.
  path: Assets/Import/USA_Diner_in_3_Times_(new,_old,_destructed)/materials/Road_line_18.mat
  artifactKey: Guid(ef50b464fabdf734d8d398e1d4700e92) Importer(815301076,1909f56bfc062723c751e8b465ee728b)
Start importing Assets/Import/USA_Diner_in_3_Times_(new,_old,_destructed)/materials/Road_line_18.mat using Guid(ef50b464fabdf734d8d398e1d4700e92) Importer(815301076,1909f56bfc062723c751e8b465ee728b)  -> (artifact id: '5a09eaba4740397e26b12554c303553b') in 0.127591 seconds 
========================================================================
Received Import Request.
  Time since last request: 0.000401 seconds.
  path: Assets/Import/USA_Diner_in_3_Times_(new,_old,_destructed)/materials/White_metal.001_33.mat
  artifactKey: Guid(b88624afa7d9134429c183b4fd42e8a1) Importer(815301076,1909f56bfc062723c751e8b465ee728b)
Start importing Assets/Import/USA_Diner_in_3_Times_(new,_old,_destructed)/materials/White_metal.001_33.mat using Guid(b88624afa7d9134429c183b4fd42e8a1) Importer(815301076,1909f56bfc062723c751e8b465ee728b)  -> (artifact id: 'd9fb37b372b718f3fb194c4de462d5b7') in 0.116759 seconds 
========================================================================
Received Import Request.
  Time since last request: 0.001685 seconds.
  path: Assets/Import/USA_Diner_in_3_Times_(new,_old,_destructed)/materials/White_asphalt_3.mat
  artifactKey: Guid(7bf99e23289bbb744ae7eeca42e18830) Importer(815301076,1909f56bfc062723c751e8b465ee728b)
Start importing Assets/Import/USA_Diner_in_3_Times_(new,_old,_destructed)/materials/White_asphalt_3.mat using Guid(7bf99e23289bbb744ae7eeca42e18830) Importer(815301076,1909f56bfc062723c751e8b465ee728b)  -> (artifact id: 'e55bdc70a3a0aad7825d4b0711795110') in 0.124074 seconds 
========================================================================
Received Import Request.
  Time since last request: 0.000634 seconds.
  path: Assets/Import/USA_Diner_in_3_Times_(new,_old,_destructed)/materials/Material.016_71.mat
  artifactKey: Guid(68edbf39fdf42fe4886268454320af5d) Importer(815301076,1909f56bfc062723c751e8b465ee728b)
Start importing Assets/Import/USA_Diner_in_3_Times_(new,_old,_destructed)/materials/Material.016_71.mat using Guid(68edbf39fdf42fe4886268454320af5d) Importer(815301076,1909f56bfc062723c751e8b465ee728b)  -> (artifact id: '3ef4d6df15bd5e85e5a67d6567451b59') in 0.127917 seconds 
========================================================================
Received Import Request.
  Time since last request: 0.000391 seconds.
  path: Assets/Import/USA_Diner_in_3_Times_(new,_old,_destructed)/materials/white_pillow.002_85.mat
  artifactKey: Guid(18d09e948e1cf5343949c520c5c06f10) Importer(815301076,1909f56bfc062723c751e8b465ee728b)
Start importing Assets/Import/USA_Diner_in_3_Times_(new,_old,_destructed)/materials/white_pillow.002_85.mat using Guid(18d09e948e1cf5343949c520c5c06f10) Importer(815301076,1909f56bfc062723c751e8b465ee728b)  -> (artifact id: 'd97a1d388ee52c69c0fe9b4576351b1c') in 0.118816 seconds 
========================================================================
Received Import Request.
  Time since last request: 0.000413 seconds.
  path: Assets/Import/USA_Diner_in_3_Times_(new,_old,_destructed)/materials/Table_wood.001_47.mat
  artifactKey: Guid(e7390dc079946624aa3f8ab7b89f300e) Importer(815301076,1909f56bfc062723c751e8b465ee728b)
Start importing Assets/Import/USA_Diner_in_3_Times_(new,_old,_destructed)/materials/Table_wood.001_47.mat using Guid(e7390dc079946624aa3f8ab7b89f300e) Importer(815301076,1909f56bfc062723c751e8b465ee728b)  -> (artifact id: '0ba59900c09aa2b935367484621e5590') in 0.137300 seconds 
========================================================================
Received Import Request.
  Time since last request: 0.000400 seconds.
  path: Assets/Import/USA_Diner_in_3_Times_(new,_old,_destructed)/materials/Table_wood.002_81.mat
  artifactKey: Guid(35ab7766f49e5b44a885757029ad116e) Importer(815301076,1909f56bfc062723c751e8b465ee728b)
Start importing Assets/Import/USA_Diner_in_3_Times_(new,_old,_destructed)/materials/Table_wood.002_81.mat using Guid(35ab7766f49e5b44a885757029ad116e) Importer(815301076,1909f56bfc062723c751e8b465ee728b)  -> (artifact id: 'ee50254444d4f408560860bf7f542694') in 0.123643 seconds 
========================================================================
Received Import Request.
  Time since last request: 0.000338 seconds.
  path: Assets/Import/USA_Diner_in_3_Times_(new,_old,_destructed)/materials/white_plastic.002_67.mat
  artifactKey: Guid(f127813d25d808642a8d07f258cdc324) Importer(815301076,1909f56bfc062723c751e8b465ee728b)
Start importing Assets/Import/USA_Diner_in_3_Times_(new,_old,_destructed)/materials/white_plastic.002_67.mat using Guid(f127813d25d808642a8d07f258cdc324) Importer(815301076,1909f56bfc062723c751e8b465ee728b)  -> (artifact id: '640d2b69d23f5b6f9b1c9e267fa67582') in 0.105638 seconds 
========================================================================
Received Import Request.
  Time since last request: 0.000403 seconds.
  path: Assets/Import/USA_Diner_in_3_Times_(new,_old,_destructed)/materials/Music_box_emission.001_46.mat
  artifactKey: Guid(6696231ff5b3f0743a3c7d952d080962) Importer(815301076,1909f56bfc062723c751e8b465ee728b)
Start importing Assets/Import/USA_Diner_in_3_Times_(new,_old,_destructed)/materials/Music_box_emission.001_46.mat using Guid(6696231ff5b3f0743a3c7d952d080962) Importer(815301076,1909f56bfc062723c751e8b465ee728b)  -> (artifact id: 'b6d201444b01a445ffda9ad078eb55cd') in 0.105139 seconds 
========================================================================
Received Import Request.
  Time since last request: 0.000339 seconds.
  path: Assets/Import/USA_Diner_in_3_Times_(new,_old,_destructed)/materials/Table_wood_17.mat
  artifactKey: Guid(32b88bed375679543b0f7044e1ec45c5) Importer(815301076,1909f56bfc062723c751e8b465ee728b)
Start importing Assets/Import/USA_Diner_in_3_Times_(new,_old,_destructed)/materials/Table_wood_17.mat using Guid(32b88bed375679543b0f7044e1ec45c5) Importer(815301076,1909f56bfc062723c751e8b465ee728b)  -> (artifact id: '89c1f26ccb0b521e1caf97efdc1b3c33') in 0.109660 seconds 
========================================================================
Received Import Request.
  Time since last request: 0.000302 seconds.
  path: Assets/Import/USA_Diner_in_3_Times_(new,_old,_destructed)/materials/white_plastic_5.mat
  artifactKey: Guid(4d6c4e7bdbd5c844eb2402923d5ea791) Importer(815301076,1909f56bfc062723c751e8b465ee728b)
Start importing Assets/Import/USA_Diner_in_3_Times_(new,_old,_destructed)/materials/white_plastic_5.mat using Guid(4d6c4e7bdbd5c844eb2402923d5ea791) Importer(815301076,1909f56bfc062723c751e8b465ee728b)  -> (artifact id: '650ca6f6f9289b700a4e038135c90dea') in 0.123260 seconds 
========================================================================
Received Import Request.
  Time since last request: 0.000373 seconds.
  path: Assets/Import/USA_Diner_in_3_Times_(new,_old,_destructed)/materials/Material.013_26.mat
  artifactKey: Guid(eab197a6563a47f44834b22b9fd1e0f2) Importer(815301076,1909f56bfc062723c751e8b465ee728b)
Start importing Assets/Import/USA_Diner_in_3_Times_(new,_old,_destructed)/materials/Material.013_26.mat using Guid(eab197a6563a47f44834b22b9fd1e0f2) Importer(815301076,1909f56bfc062723c751e8b465ee728b)  -> (artifact id: '995b6c6b8cbe390c2d2a2f50f8c94104') in 0.119930 seconds 
========================================================================
Received Import Request.
  Time since last request: 0.000345 seconds.
  path: Assets/Import/USA_Diner_in_3_Times_(new,_old,_destructed)/materials/Road_line.001_48.mat
  artifactKey: Guid(e3b5ca5b2f10af64f95beb62f9d3a75b) Importer(815301076,1909f56bfc062723c751e8b465ee728b)
Start importing Assets/Import/USA_Diner_in_3_Times_(new,_old,_destructed)/materials/Road_line.001_48.mat using Guid(e3b5ca5b2f10af64f95beb62f9d3a75b) Importer(815301076,1909f56bfc062723c751e8b465ee728b)  -> (artifact id: '7797fabc41a97f4f7b570e362b8b0c94') in 0.107847 seconds 
========================================================================
Received Import Request.
  Time since last request: 0.000342 seconds.
  path: Assets/Import/USA_Diner_in_3_Times_(new,_old,_destructed)/materials/Material.005_43.mat
  artifactKey: Guid(4415902d831a0da48bfb2b674ae8bd64) Importer(815301076,1909f56bfc062723c751e8b465ee728b)
Start importing Assets/Import/USA_Diner_in_3_Times_(new,_old,_destructed)/materials/Material.005_43.mat using Guid(4415902d831a0da48bfb2b674ae8bd64) Importer(815301076,1909f56bfc062723c751e8b465ee728b)  -> (artifact id: '594f86357adb6aff81b2928e4e587d0b') in 0.096138 seconds 
========================================================================
Received Prepare
Registering precompiled user dll's ...
Registered in 0.040280 seconds.
Begin MonoManager ReloadAssembly
Native extension for WindowsStandalone target not found
Refreshing native plugins compatible for Editor in 117.81 ms, found 9 plugins.
Preloading 4 native plugins for Editor in 5.73 ms.
[XR] OculusXRPlugin: registering subsystems
[XR] Unable to register display lifecyle provider: [1]
[XR] Oculus Input lifecycle provider registered.
[XR] Unable to register input lifecyle provider: [1]
System.Reflection.TargetInvocationException: Exception has been thrown by the target of an invocation. ---> System.NullReferenceException: Object reference not set to an instance of an object
  at Unity.XR.Oculus.OculusLoader.AssetPathToAbsolutePath (System.String assetPath) [0x00048] in C:\Program Files\GitHub\MetaverseProject\MyNewPlace\Library\PackageCache\com.unity.xr.oculus@1.12.0\Runtime\OculusLoader.cs:251 
  at Unity.XR.Oculus.OculusLoader.EditorLoadOVRPlugin () [0x0007b] in C:\Program Files\GitHub\MetaverseProject\MyNewPlace\Library\PackageCache\com.unity.xr.oculus@1.12.0\Runtime\OculusLoader.cs:236 
  at (wrapper managed-to-native) System.Reflection.MonoMethod.InternalInvoke(System.Reflection.MonoMethod,object,object[],System.Exception&)
  at System.Reflection.MonoMethod.Invoke (System.Object obj, System.Reflection.BindingFlags invokeAttr, System.Reflection.Binder binder, System.Object[] parameters, System.Globalization.CultureInfo culture) [0x00032] in <695d1cc93cca45069c528c15c9fdd749>:0 
   --- End of inner exception stack trace ---
  at System.Reflection.MonoMethod.Invoke (System.Object obj, System.Reflection.BindingFlags invokeAttr, System.Reflection.Binder binder, System.Object[] parameters, System.Globalization.CultureInfo culture) [0x00048] in <695d1cc93cca45069c528c15c9fdd749>:0 
  at System.Reflection.MethodBase.Invoke (System.Object obj, System.Object[] parameters) [0x00000] in <695d1cc93cca45069c528c15c9fdd749>:0 
  at UnityEditor.EditorAssemblies.ProcessInitializeOnLoadMethodAttributes () [0x00047] in <bfe26bbc7be749c7bb22d52435e15888>:0 
UnityEngine.StackTraceUtility:ExtractStackTrace ()
UnityEngine.DebugLogHandler:LogFormat (UnityEngine.LogType,UnityEngine.Object,string,object[])
UnityEngine.Logger:Log (UnityEngine.LogType,object)
UnityEngine.Debug:LogError (object)
UnityEditor.EditorAssemblies:ProcessInitializeOnLoadMethodAttributes ()

Mono: successfully reloaded assembly
- Completed reload, in  2.449 seconds
Domain Reload Profiling:
	ReloadAssembly (2450ms)
		BeginReloadAssembly (232ms)
			ExecutionOrderSort (0ms)
			DisableScriptedObjects (9ms)
			BackupInstance (0ms)
			ReleaseScriptingObjects (0ms)
			CreateAndSetChildDomain (58ms)
		EndReloadAssembly (2098ms)
			LoadAssemblies (272ms)
			RebuildTransferFunctionScriptingTraits (0ms)
			SetupTypeCache (746ms)
			ReleaseScriptCaches (1ms)
			RebuildScriptCaches (70ms)
			SetupLoadedEditorAssemblies (806ms)
				LogAssemblyErrors (0ms)
				InitializePlatformSupportModulesInManaged (7ms)
				SetLoadedEditorAssemblies (1ms)
				RefreshPlugins (124ms)
				BeforeProcessingInitializeOnLoad (120ms)
				ProcessInitializeOnLoadAttributes (480ms)
				ProcessInitializeOnLoadMethodAttributes (60ms)
				AfterProcessingInitializeOnLoad (13ms)
				EditorAssembliesLoaded (1ms)
			ExecutionOrderSort2 (0ms)
			AwakeInstancesAfterBackupRestoration (4ms)
Platform modules already initialized, skipping
Shader 'Universal Render Pipeline/Nature/SpeedTree7': dependency 'BillboardShader' shader 'Universal Render Pipeline/Nature/SpeedTree7 Billboard' not found
Shader 'Universal Render Pipeline/Baked Lit': fallback shader 'Universal Render Pipeline/Unlit' not found
Shader 'Universal Render Pipeline/Simple Lit': fallback shader 'Hidden/Universal Render Pipeline/FallbackError' not found
Shader 'Universal Render Pipeline/Terrain/Lit': fallback shader 'Hidden/Universal Render Pipeline/FallbackError' not found
Shader 'Universal Render Pipeline/Terrain/Lit': dependency 'AddPassShader' shader 'Hidden/Universal Render Pipeline/Terrain/Lit (Add Pass)' not found
Shader 'Universal Render Pipeline/Terrain/Lit': dependency 'BaseMapShader' shader 'Hidden/Universal Render Pipeline/Terrain/Lit (Base Pass)' not found
Shader 'Universal Render Pipeline/Terrain/Lit': dependency 'BaseMapGenShader' shader 'Hidden/Universal Render Pipeline/Terrain/Lit (Basemap Gen)' not found
Shader 'Hidden/Universal Render Pipeline/Terrain/Lit (Add Pass)': fallback shader 'Hidden/Universal Render Pipeline/FallbackError' not found
Shader 'Hidden/Universal Render Pipeline/Terrain/Lit (Base Pass)': fallback shader 'Hidden/Universal Render Pipeline/FallbackError' not found
Refreshing native plugins compatible for Editor in 1.88 ms, found 9 plugins.
Preloading 4 native plugins for Editor in 0.36 ms.
Unloading 2916 Unused Serialized files (Serialized files now loaded: 0)
System memory in use before: 131.1 MB.
System memory in use after: 126.7 MB.

Unloading 103 unused Assets to reduce memory usage. Loaded Objects now: 3322.
Total: 8.598300 ms (FindLiveObjects: 0.381300 ms CreateObjectMapping: 0.285300 ms MarkObjects: 4.634600 ms  DeleteObjects: 3.295800 ms)

AssetImportParameters requested are different than current active one (requested -> active):
  custom:framework-win-MediaFoundation: 216162199b28c13a410421893ffa2e32 -> 
  custom:video-decoder-ogg-theora: a1e56fd34408186e4bbccfd4996cb3dc -> 
  custom:container-muxer-webm: aa71ff27fc2769a1b78a27578f13a17b -> 
  custom:container-demuxer-webm: 4f35f7cbe854078d1ac9338744f61a02 -> 
  custom:container-demuxer-ogg: 62fdf1f143b41e24485cea50d1cbac27 -> 
  custom:video-encoder-webm-vp8: eb34c28f22e8b96e1ab97ce403110664 -> 
  custom:video-codec-MediaFoundation-h265: e54d7ab0439102e2317fc1e4b246158d -> 
  custom:video-decoder-webm-vp8: 9c59270c3fd7afecdb556c50c9e8de78 -> 
  custom:audio-decoder-ogg-vorbis: bf7c407c2cedff20999df2af8eb42d56 -> 
  custom:audio-encoder-webm-vorbis: bf7c407c2cedff20999df2af8eb42d56 -> 
========================================================================
Received Prepare
Refreshing native plugins compatible for Editor in 19.25 ms, found 9 plugins.
Preloading 4 native plugins for Editor in 0.30 ms.
Unloading 100 Unused Serialized files (Serialized files now loaded: 0)
System memory in use before: 75.3 MB.
System memory in use after: 70.9 MB.

Unloading 100 unused Assets to reduce memory usage. Loaded Objects now: 3322.
Total: 9.034600 ms (FindLiveObjects: 0.469700 ms CreateObjectMapping: 0.287200 ms MarkObjects: 4.878600 ms  DeleteObjects: 3.397500 ms)

AssetImportParameters requested are different than current active one (requested -> active):
  custom:framework-win-MediaFoundation: 216162199b28c13a410421893ffa2e32 -> 
  custom:video-decoder-ogg-theora: a1e56fd34408186e4bbccfd4996cb3dc -> 
  custom:container-muxer-webm: aa71ff27fc2769a1b78a27578f13a17b -> 
  custom:container-demuxer-webm: 4f35f7cbe854078d1ac9338744f61a02 -> 
  custom:container-demuxer-ogg: 62fdf1f143b41e24485cea50d1cbac27 -> 
  custom:video-encoder-webm-vp8: eb34c28f22e8b96e1ab97ce403110664 -> 
  custom:video-codec-MediaFoundation-h265: e54d7ab0439102e2317fc1e4b246158d -> 
  custom:video-decoder-webm-vp8: 9c59270c3fd7afecdb556c50c9e8de78 -> 
  custom:audio-decoder-ogg-vorbis: bf7c407c2cedff20999df2af8eb42d56 -> 
  custom:audio-encoder-webm-vorbis: bf7c407c2cedff20999df2af8eb42d56 -> 
========================================================================
Received Prepare
Switching render pipeline 00000000000000000000000000000000 -> f4c8c6656f4be5743b057e58c2c09b9d
Refreshing native plugins compatible for Editor in 23.97 ms, found 9 plugins.
Preloading 4 native plugins for Editor in 0.36 ms.
Unloading 148 Unused Serialized files (Serialized files now loaded: 0)
System memory in use before: 79.8 MB.
System memory in use after: 76.7 MB.

Unloading 80 unused Assets to reduce memory usage. Loaded Objects now: 3390.
Total: 9.455600 ms (FindLiveObjects: 0.468800 ms CreateObjectMapping: 0.329900 ms MarkObjects: 5.083200 ms  DeleteObjects: 3.571700 ms)

AssetImportParameters requested are different than current active one (requested -> active):
  colorSpace: 1 -> 0
  custom:framework-win-MediaFoundation: 216162199b28c13a410421893ffa2e32 -> 
  custom:video-decoder-ogg-theora: a1e56fd34408186e4bbccfd4996cb3dc -> 
  custom:container-muxer-webm: aa71ff27fc2769a1b78a27578f13a17b -> 
  custom:container-demuxer-webm: 4f35f7cbe854078d1ac9338744f61a02 -> 
  custom:container-demuxer-ogg: 62fdf1f143b41e24485cea50d1cbac27 -> 
  custom:video-encoder-webm-vp8: eb34c28f22e8b96e1ab97ce403110664 -> 
  custom:video-codec-MediaFoundation-h265: e54d7ab0439102e2317fc1e4b246158d -> 
  custom:video-decoder-webm-vp8: 9c59270c3fd7afecdb556c50c9e8de78 -> 
  custom:audio-decoder-ogg-vorbis: bf7c407c2cedff20999df2af8eb42d56 -> 
  custom:audio-encoder-webm-vorbis: bf7c407c2cedff20999df2af8eb42d56 -> 
AssetImportWorkerClient::OnTransportError - code=2 error=End of file
